This is pdfTeX, Version 3.141592653-2.6-1.40.23 (MiKTeX 21.8) (preloaded format=pdflatex 2021.11.5)  10 NOV 2021 19:52
entering extended mode
**./team10_report.tex
(team10_report.tex
LaTeX2e <2021-06-01> patch level 1
L3 programming layer <2021-08-27>
(C:\Users\anura\AppData\Local\Programs\MiKTeX\tex/latex/base\article.cls
Document Class: article 2021/02/12 v1.4n Standard LaTeX document class
(C:\Users\anura\AppData\Local\Programs\MiKTeX\tex/latex/base\size12.clo
File: size12.clo 2021/02/12 v1.4n Standard LaTeX file (size option)
)
\c@part=\count182
\c@section=\count183
\c@subsection=\count184
\c@subsubsection=\count185
\c@paragraph=\count186
\c@subparagraph=\count187
\c@figure=\count188
\c@table=\count189
\abovecaptionskip=\skip47
\belowcaptionskip=\skip48
\bibindent=\dimen138
)
(C:\Users\anura\AppData\Local\Programs\MiKTeX\tex/latex/geometry\geometry.sty
Package: geometry 2020/01/02 v5.9 Page Geometry

(C:\Users\anura\AppData\Local\Programs\MiKTeX\tex/latex/graphics\keyval.sty
Package: keyval 2014/10/28 v1.15 key=value parser (DPC)
\KV@toks@=\toks16
)
(C:\Users\anura\AppData\Local\Programs\MiKTeX\tex/generic/iftex\ifvtex.sty
Package: ifvtex 2019/10/25 v1.7 ifvtex legacy package. Use iftex instead.

(C:\Users\anura\AppData\Local\Programs\MiKTeX\tex/generic/iftex\iftex.sty
Package: iftex 2020/03/06 v1.0d TeX engine tests
))
\Gm@cnth=\count190
\Gm@cntv=\count191
\c@Gm@tempcnt=\count192
\Gm@bindingoffset=\dimen139
\Gm@wd@mp=\dimen140
\Gm@odd@mp=\dimen141
\Gm@even@mp=\dimen142
\Gm@layoutwidth=\dimen143
\Gm@layoutheight=\dimen144
\Gm@layouthoffset=\dimen145
\Gm@layoutvoffset=\dimen146
\Gm@dimlist=\toks17

(C:\Users\anura\AppData\Local\Programs\MiKTeX\tex/latex/geometry\geometry.cfg))
(C:\Users\anura\AppData\Local\Programs\MiKTeX\tex/latex/graphics\graphicx.sty
Package: graphicx 2020/12/05 v1.2c Enhanced LaTeX Graphics (DPC,SPQR)

(C:\Users\anura\AppData\Local\Programs\MiKTeX\tex/latex/graphics\graphics.sty
Package: graphics 2021/03/04 v1.4d Standard LaTeX Graphics (DPC,SPQR)

(C:\Users\anura\AppData\Local\Programs\MiKTeX\tex/latex/graphics\trig.sty
Package: trig 2016/01/03 v1.10 sin cos tan (DPC)
)
(C:\Users\anura\AppData\Local\Programs\MiKTeX\tex/latex/graphics-cfg\graphics.c
fg
File: graphics.cfg 2016/06/04 v1.11 sample graphics configuration
)
Package graphics Info: Driver file: pdftex.def on input line 107.

(C:\Users\anura\AppData\Local\Programs\MiKTeX\tex/latex/graphics-def\pdftex.def
File: pdftex.def 2020/10/05 v1.2a Graphics/color driver for pdftex
))
\Gin@req@height=\dimen147
\Gin@req@width=\dimen148
)
(C:\Users\anura\AppData\Local\Programs\MiKTeX\tex/latex/algorithms\algorithm.st
y
Package: algorithm 2009/08/24 v0.1 Document Style `algorithm' - floating enviro
nment
 (C:\Users\anura\AppData\Local\Programs\MiKTeX\tex/latex/float\float.sty
Package: float 2001/11/08 v1.3d Float enhancements (AL)
\c@float@type=\count193
\float@exts=\toks18
\float@box=\box50
\@float@everytoks=\toks19
\@floatcapt=\box51
)
(C:\Users\anura\AppData\Local\Programs\MiKTeX\tex/latex/base\ifthen.sty
Package: ifthen 2020/11/24 v1.1c Standard LaTeX ifthen package (DPC)
)
\@float@every@algorithm=\toks20
\c@algorithm=\count194
)
(C:\Users\anura\AppData\Local\Programs\MiKTeX\tex/latex/algorithmicx\algpseudoc
ode.sty
Package: algpseudocode 

(C:\Users\anura\AppData\Local\Programs\MiKTeX\tex/latex/algorithmicx\algorithmi
cx.sty
Package: algorithmicx 2005/04/27 v1.2 Algorithmicx

Document Style algorithmicx 1.2 - a greatly improved `algorithmic' style
\c@ALG@line=\count195
\c@ALG@rem=\count196
\c@ALG@nested=\count197
\ALG@tlm=\skip49
\ALG@thistlm=\skip50
\c@ALG@Lnr=\count198
\c@ALG@blocknr=\count199
\c@ALG@storecount=\count266
\c@ALG@tmpcounter=\count267
\ALG@tmplength=\skip51
)
Document Style - pseudocode environments for use with the `algorithmicx' style
) (C:\Users\anura\AppData\Local\Programs\MiKTeX\tex/latex/amscls\amsthm.sty
Package: amsthm 2020/05/29 v2.20.6
\thm@style=\toks21
\thm@bodyfont=\toks22
\thm@headfont=\toks23
\thm@notefont=\toks24
\thm@headpunct=\toks25
\thm@preskip=\skip52
\thm@postskip=\skip53
\thm@headsep=\skip54
\dth@everypar=\toks26
)
(C:\Users\anura\AppData\Local\Programs\MiKTeX\tex/latex/tools\verbatim.sty
Package: verbatim 2020-07-07 v1.5u LaTeX2e package for verbatim enhancements
\every@verbatim=\toks27
\verbatim@line=\toks28
\verbatim@in@stream=\read2
)
(C:\Users\anura\AppData\Local\Programs\MiKTeX\tex/latex/pdfpages\pdfpages.sty
Package: pdfpages 2021/03/06 v0.5t Insert pages of external PDF documents (AM)

(C:\Users\anura\AppData\Local\Programs\MiKTeX\tex/latex/tools\calc.sty
Package: calc 2017/05/25 v4.3 Infix arithmetic (KKT,FJ)
\calc@Acount=\count268
\calc@Bcount=\count269
\calc@Adimen=\dimen149
\calc@Bdimen=\dimen150
\calc@Askip=\skip55
\calc@Bskip=\skip56
LaTeX Info: Redefining \setlength on input line 80.
LaTeX Info: Redefining \addtolength on input line 81.
\calc@Ccount=\count270
\calc@Cskip=\skip57
)
(C:\Users\anura\AppData\Local\Programs\MiKTeX\tex/latex/eso-pic\eso-pic.sty
Package: eso-pic 2020/10/14 v3.0a eso-pic (RN)
\ESO@tempdima=\dimen151
\ESO@tempdimb=\dimen152

(C:\Users\anura\AppData\Local\Programs\MiKTeX\tex/latex/xcolor\xcolor.sty
Package: xcolor 2016/05/11 v2.12 LaTeX color extensions (UK)

(C:\Users\anura\AppData\Local\Programs\MiKTeX\tex/latex/graphics-cfg\color.cfg
File: color.cfg 2016/01/02 v1.6 sample color configuration
)
Package xcolor Info: Driver file: pdftex.def on input line 225.
Package xcolor Info: Model `cmy' substituted by `cmy0' on input line 1348.
Package xcolor Info: Model `hsb' substituted by `rgb' on input line 1352.
Package xcolor Info: Model `RGB' extended on input line 1364.
Package xcolor Info: Model `HTML' substituted by `rgb' on input line 1366.
Package xcolor Info: Model `Hsb' substituted by `hsb' on input line 1367.
Package xcolor Info: Model `tHsb' substituted by `hsb' on input line 1368.
Package xcolor Info: Model `HSB' substituted by `hsb' on input line 1369.
Package xcolor Info: Model `Gray' substituted by `gray' on input line 1370.
Package xcolor Info: Model `wave' substituted by `hsb' on input line 1371.
))
\AM@pagewidth=\dimen153
\AM@pageheight=\dimen154
\AM@fboxrule=\dimen155

(C:\Users\anura\AppData\Local\Programs\MiKTeX\tex/latex/pdfpages\pppdftex.def
File: pppdftex.def 2021/03/06 v0.5t Pdfpages driver for pdfTeX (AM)
)
\pdfpages@includegraphics@status=\count271
\AM@pagebox=\box52
\AM@global@opts=\toks29
\AM@pagecnt=\count272
\AM@toc@title=\toks30
\c@AM@survey=\count273
\AM@templatesizebox=\box53
)
(C:\Users\anura\AppData\Local\Programs\MiKTeX\tex/latex/csvsimple\csvsimple.sty

(C:\Users\anura\AppData\Local\Programs\MiKTeX\tex/latex/l3packages/l3keys2e\l3k
eys2e.sty
(C:\Users\anura\AppData\Local\Programs\MiKTeX\tex/latex/l3kernel\expl3.sty
Package: expl3 2021-08-27 L3 programming layer (loader) 

(C:\Users\anura\AppData\Local\Programs\MiKTeX\tex/latex/l3backend\l3backend-pdf
tex.def
File: l3backend-pdftex.def 2021-08-04 L3 backend support: PDF output (pdfTeX)
\l__color_backend_stack_int=\count274
\l__pdf_internal_box=\box54
))
Package: l3keys2e 2021-08-27 LaTeX2e option processing using LaTeX3 keys
)
Package: csvsimple 2021/09/09 v2.2.0 LaTeX CSV file processing
)
(C:\Users\anura\AppData\Local\Programs\MiKTeX\tex/latex/csvsimple\csvsimple-leg
acy.sty
Package: csvsimple-legacy 2021/09/09 version 2.2.0 LaTeX2e CSV file processing

(C:\Users\anura\AppData\Local\Programs\MiKTeX\tex/latex/pgf/utilities\pgfrcs.st
y
(C:\Users\anura\AppData\Local\Programs\MiKTeX\tex/generic/pgf/utilities\pgfutil
-common.tex
\pgfutil@everybye=\toks31
\pgfutil@tempdima=\dimen156
\pgfutil@tempdimb=\dimen157

(C:\Users\anura\AppData\Local\Programs\MiKTeX\tex/generic/pgf/utilities\pgfutil
-common-lists.tex))
(C:\Users\anura\AppData\Local\Programs\MiKTeX\tex/generic/pgf/utilities\pgfutil
-latex.def
\pgfutil@abb=\box55
)
(C:\Users\anura\AppData\Local\Programs\MiKTeX\tex/generic/pgf/utilities\pgfrcs.
code.tex
(C:\Users\anura\AppData\Local\Programs\MiKTeX\tex/generic/pgf\pgf.revision.tex)
Package: pgfrcs 2021/05/15 v3.1.9a (3.1.9a)
))
(C:\Users\anura\AppData\Local\Programs\MiKTeX\tex/latex/pgf/utilities\pgfkeys.s
ty
(C:\Users\anura\AppData\Local\Programs\MiKTeX\tex/generic/pgf/utilities\pgfkeys
.code.tex
\pgfkeys@pathtoks=\toks32
\pgfkeys@temptoks=\toks33

(C:\Users\anura\AppData\Local\Programs\MiKTeX\tex/generic/pgf/utilities\pgfkeys
filtered.code.tex
\pgfkeys@tmptoks=\toks34
)))
(C:\Users\anura\AppData\Local\Programs\MiKTeX\tex/latex/etoolbox\etoolbox.sty
Package: etoolbox 2020/10/05 v2.5k e-TeX tools for LaTeX (JAW)
\etb@tempcnta=\count275
)
(C:\Users\anura\AppData\Local\Programs\MiKTeX\tex/latex/tools\shellesc.sty
Package: shellesc 2019/11/08 v1.0c unified shell escape interface for LaTeX
Package shellesc Info: Restricted shell escape enabled on input line 77.
)
\csv@file=\read3
\c@csvinputline=\count276
\c@csvrow=\count277
\c@csvcol=\count278
\csv@out=\write3
)
(C:\Users\anura\AppData\Local\Programs\MiKTeX\tex/latex/epstopdf-pkg\epstopdf.s
ty
Package: epstopdf 2020-01-24 v2.11 Conversion with epstopdf on the fly (HO)

(C:\Users\anura\AppData\Local\Programs\MiKTeX\tex/generic/infwarerr\infwarerr.s
ty
Package: infwarerr 2019/12/03 v1.5 Providing info/warning/error messages (HO)
) (C:\Users\anura\AppData\Local\Programs\MiKTeX\tex/latex/grfext\grfext.sty
Package: grfext 2019/12/03 v1.3 Manage graphics extensions (HO)

(C:\Users\anura\AppData\Local\Programs\MiKTeX\tex/generic/kvdefinekeys\kvdefine
keys.sty
Package: kvdefinekeys 2019-12-19 v1.6 Define keys (HO)
))
(C:\Users\anura\AppData\Local\Programs\MiKTeX\tex/latex/kvoptions\kvoptions.sty
Package: kvoptions 2020-10-07 v3.14 Key value format for package options (HO)
(C:\Users\anura\AppData\Local\Programs\MiKTeX\tex/generic/ltxcmds\ltxcmds.sty
Package: ltxcmds 2020-05-10 v1.25 LaTeX kernel commands for general use (HO)
)
(C:\Users\anura\AppData\Local\Programs\MiKTeX\tex/generic/kvsetkeys\kvsetkeys.s
ty
Package: kvsetkeys 2019/12/15 v1.18 Key value parser (HO)
))
(C:\Users\anura\AppData\Local\Programs\MiKTeX\tex/generic/pdftexcmds\pdftexcmds
.sty
Package: pdftexcmds 2020-06-27 v0.33 Utility functions of pdfTeX for LuaTeX (HO
)
Package pdftexcmds Info: \pdf@primitive is available.
Package pdftexcmds Info: \pdf@ifprimitive is available.
Package pdftexcmds Info: \pdfdraftmode found.
)
(C:\Users\anura\AppData\Local\Programs\MiKTeX\tex/latex/epstopdf-pkg\epstopdf-b
ase.sty
Package: epstopdf-base 2020-01-24 v2.11 Base part for package epstopdf
Package epstopdf-base Info: Redefining graphics rule for `.eps' on input line 4
85.
Package grfext Info: Graphics extension search list:
(grfext)             [.pdf,.png,.jpg,.mps,.jpeg,.jbig2,.jb2,.PDF,.PNG,.JPG,.JPE
G,.JBIG2,.JB2,.eps]
(grfext)             \AppendGraphicsExtensions on input line 504.

(C:\Users\anura\AppData\Local\Programs\MiKTeX\tex/latex/00miktex\epstopdf-sys.c
fg
File: epstopdf-sys.cfg 2021/03/18 v2.0 Configuration of epstopdf for MiKTeX
)))
(C:\Users\anura\AppData\Local\Programs\MiKTeX\tex/latex/graphics\epsfig.sty
Package: epsfig 2017/06/25 v1.7b (e)psfig emulation (SPQR)
\epsfxsize=\dimen158
\epsfysize=\dimen159
)
(C:\Users\anura\AppData\Local\Programs\MiKTeX\tex/latex/tools\dcolumn.sty
Package: dcolumn 2014/10/28 v1.06 decimal alignment package (DPC)

(C:\Users\anura\AppData\Local\Programs\MiKTeX\tex/latex/tools\array.sty
Package: array 2021/04/20 v2.5e Tabular extension package (FMi)
\col@sep=\dimen160
\ar@mcellbox=\box56
\extrarowheight=\dimen161
\NC@list=\toks35
\extratabsurround=\skip58
\backup@length=\skip59
\ar@cellbox=\box57
))
(C:\Users\anura\AppData\Local\Programs\MiKTeX\tex/latex/tools\bm.sty
Package: bm 2021/04/25 v1.2e Bold Symbol Support (DPC/FMi)
\symboldoperators=\mathgroup4
\symboldletters=\mathgroup5
\symboldsymbols=\mathgroup6
Package bm Info: No bold for \OMX/cmex/m/n, using \pmb.
LaTeX Font Info:    Redeclaring math alphabet \mathbf on input line 149.
)
(C:\Users\anura\AppData\Local\Programs\MiKTeX\tex/latex/tools\tabularx.sty
Package: tabularx 2020/01/15 v2.11c `tabularx' package (DPC)
\TX@col@width=\dimen162
\TX@old@table=\dimen163
\TX@old@col=\dimen164
\TX@target=\dimen165
\TX@delta=\dimen166
\TX@cols=\count279
\TX@ftn=\toks36
)
(C:\Users\anura\AppData\Local\Programs\MiKTeX\tex/latex/hyperref\hyperref.sty
Package: hyperref 2021-06-07 v7.00m Hypertext links for LaTeX

(C:\Users\anura\AppData\Local\Programs\MiKTeX\tex/generic/pdfescape\pdfescape.s
ty
Package: pdfescape 2019/12/09 v1.15 Implements pdfTeX's escape features (HO)
) (C:\Users\anura\AppData\Local\Programs\MiKTeX\tex/latex/hycolor\hycolor.sty
Package: hycolor 2020-01-27 v1.10 Color options for hyperref/bookmark (HO)
)
(C:\Users\anura\AppData\Local\Programs\MiKTeX\tex/latex/letltxmacro\letltxmacro
.sty
Package: letltxmacro 2019/12/03 v1.6 Let assignment for LaTeX macros (HO)
)
(C:\Users\anura\AppData\Local\Programs\MiKTeX\tex/latex/auxhook\auxhook.sty
Package: auxhook 2019-12-17 v1.6 Hooks for auxiliary files (HO)
)
\@linkdim=\dimen167
\Hy@linkcounter=\count280
\Hy@pagecounter=\count281

(C:\Users\anura\AppData\Local\Programs\MiKTeX\tex/latex/hyperref\pd1enc.def
File: pd1enc.def 2021-06-07 v7.00m Hyperref: PDFDocEncoding definition (HO)
Now handling font encoding PD1 ...
... no UTF-8 mapping file for font encoding PD1
)
(C:\Users\anura\AppData\Local\Programs\MiKTeX\tex/latex/hyperref\hyperref-langp
atches.def
File: hyperref-langpatches.def 2021-06-07 v7.00m Hyperref: patches for babel la
nguages
)
(C:\Users\anura\AppData\Local\Programs\MiKTeX\tex/generic/intcalc\intcalc.sty
Package: intcalc 2019/12/15 v1.3 Expandable calculations with integers (HO)
)
(C:\Users\anura\AppData\Local\Programs\MiKTeX\tex/generic/etexcmds\etexcmds.sty
Package: etexcmds 2019/12/15 v1.7 Avoid name clashes with e-TeX commands (HO)
)
\Hy@SavedSpaceFactor=\count282
 (C:\Users\anura\AppData\Local\Programs\MiKTeX\tex/latex/hyperref\puenc.def
File: puenc.def 2021-06-07 v7.00m Hyperref: PDF Unicode definition (HO)
Now handling font encoding PU ...
... no UTF-8 mapping file for font encoding PU
)
Package hyperref Info: Hyper figures OFF on input line 4192.
Package hyperref Info: Link nesting OFF on input line 4197.
Package hyperref Info: Hyper index ON on input line 4200.
Package hyperref Info: Plain pages OFF on input line 4207.
Package hyperref Info: Backreferencing OFF on input line 4212.
Package hyperref Info: Implicit mode ON; LaTeX internals redefined.
Package hyperref Info: Bookmarks ON on input line 4445.
\c@Hy@tempcnt=\count283

(C:\Users\anura\AppData\Local\Programs\MiKTeX\tex/latex/url\url.sty
\Urlmuskip=\muskip16
Package: url 2013/09/16  ver 3.4  Verb mode for urls, etc.
)
LaTeX Info: Redefining \url on input line 4804.
\XeTeXLinkMargin=\dimen168

(C:\Users\anura\AppData\Local\Programs\MiKTeX\tex/generic/bitset\bitset.sty
Package: bitset 2019/12/09 v1.3 Handle bit-vector datatype (HO)

(C:\Users\anura\AppData\Local\Programs\MiKTeX\tex/generic/bigintcalc\bigintcalc
.sty
Package: bigintcalc 2019/12/15 v1.5 Expandable calculations on big integers (HO
)
))
\Fld@menulength=\count284
\Field@Width=\dimen169
\Fld@charsize=\dimen170
Package hyperref Info: Hyper figures OFF on input line 6076.
Package hyperref Info: Link nesting OFF on input line 6081.
Package hyperref Info: Hyper index ON on input line 6084.
Package hyperref Info: backreferencing OFF on input line 6091.
Package hyperref Info: Link coloring OFF on input line 6096.
Package hyperref Info: Link coloring with OCG OFF on input line 6101.
Package hyperref Info: PDF/A mode OFF on input line 6106.
LaTeX Info: Redefining \ref on input line 6146.
LaTeX Info: Redefining \pageref on input line 6150.

(C:\Users\anura\AppData\Local\Programs\MiKTeX\tex/latex/base\atbegshi-ltx.sty
Package: atbegshi-ltx 2021/01/10 v1.0c Emulation of the original atbegshi
package with kernel methods
)
\Hy@abspage=\count285
\c@Item=\count286
\c@Hfootnote=\count287
)
Package hyperref Info: Driver (autodetected): hpdftex.
(C:\Users\anura\AppData\Local\Programs\MiKTeX\tex/latex/hyperref\hpdftex.def
File: hpdftex.def 2021-06-07 v7.00m Hyperref driver for pdfTeX

(C:\Users\anura\AppData\Local\Programs\MiKTeX\tex/latex/base\atveryend-ltx.sty
Package: atveryend-ltx 2020/08/19 v1.0a Emulation of the original atvery packag
e
with kernel methods
)
\Fld@listcount=\count288
\c@bookmark@seq@number=\count289

(C:\Users\anura\AppData\Local\Programs\MiKTeX\tex/latex/rerunfilecheck\rerunfil
echeck.sty
Package: rerunfilecheck 2019/12/05 v1.9 Rerun checks for auxiliary files (HO)

(C:\Users\anura\AppData\Local\Programs\MiKTeX\tex/generic/uniquecounter\uniquec
ounter.sty
Package: uniquecounter 2019/12/15 v1.4 Provide unlimited unique counter (HO)
)
Package uniquecounter Info: New unique counter `rerunfilecheck' on input line 2
86.
)
\Hy@SectionHShift=\skip60
)
(C:\Users\anura\AppData\Local\Programs\MiKTeX\tex/latex/base\inputenc.sty
Package: inputenc 2021/02/14 v1.3d Input encoding file
\inpenc@prehook=\toks37
\inpenc@posthook=\toks38
)
(C:\Users\anura\AppData\Local\Programs\MiKTeX\tex/latex/amsfonts\amssymb.sty
Package: amssymb 2013/01/14 v3.01 AMS font symbols

(C:\Users\anura\AppData\Local\Programs\MiKTeX\tex/latex/amsfonts\amsfonts.sty
Package: amsfonts 2013/01/14 v3.01 Basic AMSFonts support
\@emptytoks=\toks39
\symAMSa=\mathgroup7
\symAMSb=\mathgroup8
LaTeX Font Info:    Redeclaring math symbol \hbar on input line 98.
LaTeX Font Info:    Overwriting math alphabet `\mathfrak' in version `bold'
(Font)                  U/euf/m/n --> U/euf/b/n on input line 106.
))
(C:\Users\anura\AppData\Local\Programs\MiKTeX\tex/latex/subfigure\subfigure.sty
Package: subfigure 2002/07/30 v2.1.4 subfigure package
\subfigtopskip=\skip61
\subfigcapskip=\skip62
\subfigcaptopadj=\dimen171
\subfigbottomskip=\skip63
\subfigcapmargin=\dimen172
\subfiglabelskip=\skip64
\c@subfigure=\count290
\c@lofdepth=\count291
\c@subtable=\count292
\c@lotdepth=\count293
****************************************
* Local config file subfigure.cfg used *
****************************************

(C:\Users\anura\AppData\Local\Programs\MiKTeX\tex/latex/subfigure\subfigure.cfg
)
\subfig@top=\skip65
\subfig@bottom=\skip66
) (C:\Users\anura\AppData\Local\Programs\MiKTeX\tex/latex/amsmath\amsmath.sty
Package: amsmath 2021/04/20 v2.17j AMS math features
\@mathmargin=\skip67

For additional information on amsmath, use the `?' option.
(C:\Users\anura\AppData\Local\Programs\MiKTeX\tex/latex/amsmath\amstext.sty
Package: amstext 2000/06/29 v2.01 AMS text

(C:\Users\anura\AppData\Local\Programs\MiKTeX\tex/latex/amsmath\amsgen.sty
File: amsgen.sty 1999/11/30 v2.0 generic functions
\@emptytoks=\toks40
\ex@=\dimen173
))
(C:\Users\anura\AppData\Local\Programs\MiKTeX\tex/latex/amsmath\amsbsy.sty
Package: amsbsy 1999/11/29 v1.2d Bold Symbols
LaTeX Info: Redefining \boldsymbol on input line 28.
\pmbraise@=\dimen174
)
(C:\Users\anura\AppData\Local\Programs\MiKTeX\tex/latex/amsmath\amsopn.sty
Package: amsopn 2016/03/08 v2.02 operator names
)
\inf@bad=\count294
LaTeX Info: Redefining \frac on input line 234.
\uproot@=\count295
\leftroot@=\count296
LaTeX Info: Redefining \overline on input line 399.
\classnum@=\count297
\DOTSCASE@=\count298
LaTeX Info: Redefining \ldots on input line 496.
LaTeX Info: Redefining \dots on input line 499.
LaTeX Info: Redefining \cdots on input line 620.
\Mathstrutbox@=\box58
\strutbox@=\box59
\big@size=\dimen175
LaTeX Font Info:    Redeclaring font encoding OML on input line 743.
LaTeX Font Info:    Redeclaring font encoding OMS on input line 744.
\macc@depth=\count299
\c@MaxMatrixCols=\count300
\dotsspace@=\muskip17
\c@parentequation=\count301
\dspbrk@lvl=\count302
\tag@help=\toks41
\row@=\count303
\column@=\count304
\maxfields@=\count305
\andhelp@=\toks42
\eqnshift@=\dimen176
\alignsep@=\dimen177
\tagshift@=\dimen178
\tagwidth@=\dimen179
\totwidth@=\dimen180
\lineht@=\dimen181
\@envbody=\toks43
\multlinegap=\skip68
\multlinetaggap=\skip69
\mathdisplay@stack=\toks44
LaTeX Info: Redefining \[ on input line 2923.
LaTeX Info: Redefining \] on input line 2924.
)
(C:\Users\anura\AppData\Local\Programs\MiKTeX\tex/latex/multirow\multirow.sty
Package: multirow 2021/03/15 v2.8 Span multiple rows of a table
\multirow@colwidth=\skip70
\multirow@cntb=\count306
\multirow@dima=\skip71
\bigstrutjot=\dimen182
)
(C:\Users\anura\AppData\Local\Programs\MiKTeX\tex/latex/tools\xspace.sty
Package: xspace 2014/10/28 v1.13 Space after command names (DPC,MH)
)
(C:\Users\anura\AppData\Local\Programs\MiKTeX\tex/latex/booktabs\booktabs.sty
Package: booktabs 2020/01/12 v1.61803398 Publication quality tables
\heavyrulewidth=\dimen183
\lightrulewidth=\dimen184
\cmidrulewidth=\dimen185
\belowrulesep=\dimen186
\belowbottomsep=\dimen187
\aboverulesep=\dimen188
\abovetopsep=\dimen189
\cmidrulesep=\dimen190
\cmidrulekern=\dimen191
\defaultaddspace=\dimen192
\@cmidla=\count307
\@cmidlb=\count308
\@aboverulesep=\dimen193
\@belowrulesep=\dimen194
\@thisruleclass=\count309
\@lastruleclass=\count310
\@thisrulewidth=\dimen195
)
(C:\Users\anura\AppData\Local\Programs\MiKTeX\tex/latex/sidecap\sidecap.sty
Package: sidecap 2003/06/06 v1.6f SideCap Package (RN/HjG)
\SC@BOXWD=\dimen196
\SC@CAPWD=\dimen197
\SC@tempdima=\dimen198
\SC@tempdimb=\dimen199
\c@SC@C=\count311
\SC@BOX=\box60
)
(C:\Users\anura\AppData\Local\Programs\MiKTeX\tex/latex/ulem\ulem.sty
\UL@box=\box61
\UL@hyphenbox=\box62
\UL@skip=\skip72
\UL@hook=\toks45
\UL@height=\dimen256
\UL@pe=\count312
\UL@pixel=\dimen257
\ULC@box=\box63
Package: ulem 2019/11/18
\ULdepth=\dimen258
)
(C:\Users\anura\AppData\Local\Programs\MiKTeX\tex/latex/appendix\appendix.sty
Package: appendix 2020/02/08 v1.2c extra appendix facilities
\c@@pps=\count313
\c@@ppsavesec=\count314
\c@@ppsaveapp=\count315
)
(C:\Users\anura\AppData\Local\Programs\MiKTeX\tex/latex/graphics\rotating.sty
Package: rotating 2016/08/11 v2.16d rotated objects in LaTeX
\c@r@tfl@t=\count316
\rotFPtop=\skip73
\rotFPbot=\skip74
\rot@float@box=\box64
\rot@mess@toks=\toks46
)
(C:\Users\anura\AppData\Local\Programs\MiKTeX\tex/latex/lipsum\lipsum.sty
Package: lipsum 2021-09-20 v2.7 150 paragraphs of Lorem Ipsum dummy text
\g__lipsum_par_int=\count317
\l__lipsum_a_int=\count318
\l__lipsum_b_int=\count319

(C:\Users\anura\AppData\Local\Programs\MiKTeX\tex/latex/lipsum\lipsum.ltd.tex))
(C:\Users\anura\AppData\Local\Programs\MiKTeX\tex/generic/babel\babel.sty
Package: babel 2021/07/22 3.63 The Babel package

(C:\Users\anura\AppData\Local\Programs\MiKTeX\tex/generic/babel\babel.def
File: babel.def 2021/07/22 3.63 Babel common definitions
\babel@savecnt=\count320
\U@D=\dimen259
\l@unhyphenated=\language79

(C:\Users\anura\AppData\Local\Programs\MiKTeX\tex/generic/babel\txtbabel.def)
\bbl@readstream=\read4
)
\bbl@dirlevel=\count321

*************************************
* Local config file bblopts.cfg used
*
(C:\Users\anura\AppData\Local\Programs\MiKTeX\tex/latex/arabi\bblopts.cfg
File: bblopts.cfg 2005/09/08 v0.1 add Arabic and Farsi to "declared" options of
 babel
)
(C:\Users\anura\AppData\Local\Programs\MiKTeX\tex/latex/babel-english\english.l
df
Language: english 2017/06/06 v3.3r English support from the babel system
Package babel Info: Hyphen rules for 'canadian' set to \l@english
(babel)             (\language0). Reported on input line 102.
Package babel Info: Hyphen rules for 'australian' set to \l@ukenglish
(babel)             (\language73). Reported on input line 105.
Package babel Info: Hyphen rules for 'newzealand' set to \l@ukenglish
(babel)             (\language73). Reported on input line 108.
))
(C:\Users\anura\AppData\Local\Programs\MiKTeX\tex/latex/csquotes\csquotes.sty
Package: csquotes 2021-02-22 v5.2l context-sensitive quotations (JAW)
\csq@reset=\count322
\csq@gtype=\count323
\csq@glevel=\count324
\csq@qlevel=\count325
\csq@maxlvl=\count326
\csq@tshold=\count327
\csq@ltx@everypar=\toks47

(C:\Users\anura\AppData\Local\Programs\MiKTeX\tex/latex/csquotes\csquotes.def
File: csquotes.def 2021-02-22 v5.2l csquotes generic definitions (JAW)
)
Package csquotes Info: Trying to load configuration file 'csquotes.cfg'...
Package csquotes Info: ... configuration file loaded successfully.

(C:\Users\anura\AppData\Local\Programs\MiKTeX\tex/latex/csquotes\csquotes.cfg
File: csquotes.cfg 
)
Package csquotes Info: Enabling multilingual quotes.
Package csquotes Info: Redefining alias 'english' -> 'english/american'.
)
Package csquotes Info: Allocating character ".
(C:\Users\anura\AppData\Local\Programs\MiKTeX\tex/latex/listings\listings.sty
\lst@mode=\count328
\lst@gtempboxa=\box65
\lst@token=\toks48
\lst@length=\count329
\lst@currlwidth=\dimen260
\lst@column=\count330
\lst@pos=\count331
\lst@lostspace=\dimen261
\lst@width=\dimen262
\lst@newlines=\count332
\lst@lineno=\count333
\lst@maxwidth=\dimen263

(C:\Users\anura\AppData\Local\Programs\MiKTeX\tex/latex/listings\lstmisc.sty
File: lstmisc.sty 2020/03/24 1.8d (Carsten Heinz)
\c@lstnumber=\count334
\lst@skipnumbers=\count335
\lst@framebox=\box66
)
(C:\Users\anura\AppData\Local\Programs\MiKTeX\tex/latex/listings\listings.cfg
File: listings.cfg 2020/03/24 1.8d listings configuration
))
Package: listings 2020/03/24 1.8d (Carsten Heinz)
(C:\Users\anura\AppData\Local\Programs\MiKTeX\tex/latex/esdiff\esdiff.sty
Package: esdiff 
)
Package csquotes Info: Checking for multilingual support...
Package csquotes Info: ... found 'babel' package.

No file team10_report.aux.
\openout1 = `team10_report.aux'.

LaTeX Font Info:    Checking defaults for OML/cmm/m/it on input line 89.
LaTeX Font Info:    ... okay on input line 89.
LaTeX Font Info:    Checking defaults for OMS/cmsy/m/n on input line 89.
LaTeX Font Info:    ... okay on input line 89.
LaTeX Font Info:    Checking defaults for OT1/cmr/m/n on input line 89.
LaTeX Font Info:    ... okay on input line 89.
LaTeX Font Info:    Checking defaults for T1/cmr/m/n on input line 89.
LaTeX Font Info:    ... okay on input line 89.
LaTeX Font Info:    Checking defaults for TS1/cmr/m/n on input line 89.
LaTeX Font Info:    ... okay on input line 89.
LaTeX Font Info:    Checking defaults for OMX/cmex/m/n on input line 89.
LaTeX Font Info:    ... okay on input line 89.
LaTeX Font Info:    Checking defaults for U/cmr/m/n on input line 89.
LaTeX Font Info:    ... okay on input line 89.
LaTeX Font Info:    Checking defaults for PD1/pdf/m/n on input line 89.
LaTeX Font Info:    ... okay on input line 89.
LaTeX Font Info:    Checking defaults for PU/pdf/m/n on input line 89.
LaTeX Font Info:    ... okay on input line 89.
*geometry* driver: auto-detecting
*geometry* detected driver: pdftex
*geometry* verbose mode - [ preamble ] result:
* driver: pdftex
* paper: <default>
* layout: <same size as paper>
* layoutoffset:(h,v)=(0.0pt,0.0pt)
* modes: 
* h-part:(L,W,R)=(28.45274pt, 557.38951pt, 28.45274pt)
* v-part:(T,H,B)=(28.45274pt, 738.0645pt, 28.45274pt)
* \paperwidth=614.295pt
* \paperheight=794.96999pt
* \textwidth=476.58365pt
* \textheight=654.41338pt
* \oddsidemargin=0.0pt
* \evensidemargin=0.0pt
* \topmargin=0.0pt
* \headheight=0.0pt
* \headsep=0.0pt
* \topskip=12.0pt
* \footskip=42.67912pt
* \marginparwidth=44.0pt
* \marginparsep=10.0pt
* \columnsep=10.0pt
* \skip\footins=10.8pt plus 4.0pt minus 2.0pt
* \hoffset=0.0pt
* \voffset=0.0pt
* \mag=1000
* \@twocolumnfalse
* \@twosidefalse
* \@mparswitchfalse
* \@reversemarginfalse
* (1in=72.27pt=25.4mm, 1cm=28.453pt)


(C:\Users\anura\AppData\Local\Programs\MiKTeX\tex/context/base/mkii\supp-pdf.mk
ii
[Loading MPS to PDF converter (version 2006.09.02).]
\scratchcounter=\count336
\scratchdimen=\dimen264
\scratchbox=\box67
\nofMPsegments=\count337
\nofMParguments=\count338
\everyMPshowfont=\toks49
\MPscratchCnt=\count339
\MPscratchDim=\dimen265
\MPnumerator=\count340
\makeMPintoPDFobject=\count341
\everyMPtoPDFconversion=\toks50
)
(C:\Users\anura\AppData\Local\Programs\MiKTeX\tex/latex/pdflscape\pdflscape.sty
Package: pdflscape 2019/12/05 v0.12 Display of landscape pages in PDF (HO)
(C:\Users\anura\AppData\Local\Programs\MiKTeX\tex/latex/graphics\lscape.sty
Package: lscape 2020/05/28 v3.02 Landscape Pages (DPC)
)
Package pdflscape Info: Auto-detected driver: pdftex on input line 81.
)
Package hyperref Info: Link coloring OFF on input line 89.

(C:\Users\anura\AppData\Local\Programs\MiKTeX\tex/latex/hyperref\nameref.sty
Package: nameref 2021-04-02 v2.47 Cross-referencing by name of section

(C:\Users\anura\AppData\Local\Programs\MiKTeX\tex/latex/refcount\refcount.sty
Package: refcount 2019/12/15 v3.6 Data extraction from label references (HO)
)
(C:\Users\anura\AppData\Local\Programs\MiKTeX\tex/generic/gettitlestring\gettit
lestring.sty
Package: gettitlestring 2019/12/15 v1.6 Cleanup title references (HO)
)
\c@section@level=\count342
)
LaTeX Info: Redefining \ref on input line 89.
LaTeX Info: Redefining \pageref on input line 89.
LaTeX Info: Redefining \nameref on input line 89.
\@outlinefile=\write4
\openout4 = `team10_report.out'.


(C:\Users\anura\AppData\Local\Programs\MiKTeX\tex/latex/ragged2e\ragged2e.sty
Package: ragged2e 2021/02/05 v3.0 ragged2e Package
\CenteringLeftskip=\skip75
\RaggedLeftLeftskip=\skip76
\RaggedRightLeftskip=\skip77
\CenteringRightskip=\skip78
\RaggedLeftRightskip=\skip79
\RaggedRightRightskip=\skip80
\CenteringParfillskip=\skip81
\RaggedLeftParfillskip=\skip82
\RaggedRightParfillskip=\skip83
\JustifyingParfillskip=\skip84
\CenteringParindent=\skip85
\RaggedLeftParindent=\skip86
\RaggedRightParindent=\skip87
\JustifyingParindent=\skip88
)
Package csquotes Info: Making character " active on input line 89.
\c@lstlisting=\count343
LaTeX Font Info:    Trying to load font information for U+msa on input line 100
.

(C:\Users\anura\AppData\Local\Programs\MiKTeX\tex/latex/amsfonts\umsa.fd
File: umsa.fd 2013/01/14 v3.01 AMS symbols A
)
LaTeX Font Info:    Trying to load font information for U+msb on input line 100
.

(C:\Users\anura\AppData\Local\Programs\MiKTeX\tex/latex/amsfonts\umsb.fd
File: umsb.fd 2013/01/14 v3.01 AMS symbols B
)
[1

{C:/Users/anura/AppData/Local/MiKTeX/pdftex/config/pdftex.map}] [1]
\tf@toc=\write5
\openout5 = `team10_report.toc'.

 [2]

LaTeX Warning: Citation `ref1' on page 1 undefined on input line 124.


LaTeX Warning: Citation `ref5' on page 1 undefined on input line 125.

[1] [2]
<fig1.JPG, id=35, 507.69675pt x 492.6405pt>
File: fig1.JPG Graphic file (type jpg)
<use fig1.JPG>
Package pdftex.def Info: fig1.JPG  used on input line 155.
(pdftex.def)             Requested size: 238.29182pt x 231.22534pt.


LaTeX Warning: Citation `ref2' on page 3 undefined on input line 156.

[3] [4 <./fig1.JPG>]
<fig2.JPG, id=62, 597.432pt x 503.481pt>
File: fig2.JPG Graphic file (type jpg)
<use fig2.JPG>
Package pdftex.def Info: fig2.JPG  used on input line 184.
(pdftex.def)             Requested size: 314.54695pt x 265.09204pt.


LaTeX Warning: Citation `ref3' on page 5 undefined on input line 185.

[5 <./fig2.JPG>] [6] [7]

LaTeX Warning: Citation `ref11' on page 8 undefined on input line 248.


LaTeX Warning: Citation `ref12' on page 8 undefined on input line 250.

[8]
Package hyperref Info: bookmark level for unknown algorithm defaults to 0 on in
put line 274.
 [9] [10] [11] (EulerVariationTEX.tex
Package csquotes Info: Input encoding change on input line 6.
Package csquotes Info: Resetting catcode of " on input line 6.
Package csquotes Info: Deallocating character " on input line 6.

(C:\Users\anura\AppData\Local\Programs\MiKTeX\tex/latex/base\cp1252.def
File: cp1252.def 2021/02/14 v1.3d Input encoding file
)
\gptboxheight=\skip89
\gptboxwidth=\skip90
\gptboxtext=\box68
Package epstopdf Info: Source file: <EulerVariationTEX.eps>
(epstopdf)                    date: 2021-11-10 17:14:20
(epstopdf)                    size: 22038 bytes
(epstopdf)             Output file: <EulerVariationTEX-eps-converted-to.pdf>
(epstopdf)             Command: <miktex-epstopdf --outfile=EulerVariationTEX-ep
s-converted-to.pdf EulerVariationTEX.eps>
(epstopdf)             \includegraphics on input line 110.
runsystem(miktex-epstopdf --outfile=EulerVariationTEX-eps-converted-to.pdf Eule
rVariationTEX.eps)...executed (allowed).

Package epstopdf Info: Result file: <EulerVariationTEX-eps-converted-to.pdf>
(epstopdf)                    date: 2021-11-10 19:52:32
(epstopdf)                    size: 7375 bytes.


pdfTeX warning: pdflatex (file ./EulerVariationTEX-eps-converted-to.pdf): PDF i
nclusion: found PDF version <1.7>, but at most version <1.5> allowed
<EulerVariationTEX-eps-converted-to.pdf, id=129, 433.62pt x 289.08pt>
File: EulerVariationTEX-eps-converted-to.pdf Graphic file (type pdf)
<use EulerVariationTEX-eps-converted-to.pdf>
Package pdftex.def Info: EulerVariationTEX-eps-converted-to.pdf  used on input 
line 110.
(pdftex.def)             Requested size: 433.63878pt x 289.09251pt.
) [12 <./EulerVariationTEX-eps-converted-to.pdf>]

LaTeX Warning: Citation `ref4' on page 13 undefined on input line 344.

(EulerTrajectoryTEX.tex
Package csquotes Info: Input encoding change on input line 6.
Package csquotes Info: Resetting catcode of " on input line 6.
Package csquotes Info: Deallocating character " on input line 6.

(C:\Users\anura\AppData\Local\Programs\MiKTeX\tex/latex/base\cp1252.def
File: cp1252.def 2021/02/14 v1.3d Input encoding file
)
Package epstopdf Info: Source file: <EulerTrajectoryTEX.eps>
(epstopdf)                    date: 2021-11-10 17:14:20
(epstopdf)                    size: 44327 bytes
(epstopdf)             Output file: <EulerTrajectoryTEX-eps-converted-to.pdf>
(epstopdf)             Command: <miktex-epstopdf --outfile=EulerTrajectoryTEX-e
ps-converted-to.pdf EulerTrajectoryTEX.eps>
(epstopdf)             \includegraphics on input line 122.
runsystem(miktex-epstopdf --outfile=EulerTrajectoryTEX-eps-converted-to.pdf Eul
erTrajectoryTEX.eps)...executed (allowed).

Package epstopdf Info: Result file: <EulerTrajectoryTEX-eps-converted-to.pdf>
(epstopdf)                    date: 2021-11-10 19:52:34
(epstopdf)                    size: 19778 bytes.


pdfTeX warning: pdflatex (file ./EulerTrajectoryTEX-eps-converted-to.pdf): PDF 
inclusion: found PDF version <1.7>, but at most version <1.5> allowed
<EulerTrajectoryTEX-eps-converted-to.pdf, id=138, 433.62pt x 289.08pt>
File: EulerTrajectoryTEX-eps-converted-to.pdf Graphic file (type pdf)
<use EulerTrajectoryTEX-eps-converted-to.pdf>
Package pdftex.def Info: EulerTrajectoryTEX-eps-converted-to.pdf  used on input
 line 122.
(pdftex.def)             Requested size: 433.63878pt x 289.09251pt.
)

LaTeX Warning: Citation `ref10' on page 13 undefined on input line 354.

[13 <./EulerTrajectoryTEX-eps-converted-to.pdf>] (rk2VariationTEX.tex
Package csquotes Info: Input encoding change on input line 6.
Package csquotes Info: Resetting catcode of " on input line 6.
Package csquotes Info: Deallocating character " on input line 6.

(C:\Users\anura\AppData\Local\Programs\MiKTeX\tex/latex/base\cp1252.def
File: cp1252.def 2021/02/14 v1.3d Input encoding file
)
Package epstopdf Info: Source file: <rk2VariationTEX.eps>
(epstopdf)                    date: 2021-11-10 17:14:21
(epstopdf)                    size: 22035 bytes
(epstopdf)             Output file: <rk2VariationTEX-eps-converted-to.pdf>
(epstopdf)             Command: <miktex-epstopdf --outfile=rk2VariationTEX-eps-
converted-to.pdf rk2VariationTEX.eps>
(epstopdf)             \includegraphics on input line 110.
runsystem(miktex-epstopdf --outfile=rk2VariationTEX-eps-converted-to.pdf rk2Var
iationTEX.eps)...executed (allowed).

Package epstopdf Info: Result file: <rk2VariationTEX-eps-converted-to.pdf>
(epstopdf)                    date: 2021-11-10 19:52:36
(epstopdf)                    size: 7373 bytes.


pdfTeX warning: pdflatex (file ./rk2VariationTEX-eps-converted-to.pdf): PDF inc
lusion: found PDF version <1.7>, but at most version <1.5> allowed
<rk2VariationTEX-eps-converted-to.pdf, id=146, 433.62pt x 289.08pt>
File: rk2VariationTEX-eps-converted-to.pdf Graphic file (type pdf)
<use rk2VariationTEX-eps-converted-to.pdf>
Package pdftex.def Info: rk2VariationTEX-eps-converted-to.pdf  used on input li
ne 110.
(pdftex.def)             Requested size: 433.63878pt x 289.09251pt.
) (rk2TrajectoryTEX.tex
Package csquotes Info: Input encoding change on input line 6.
Package csquotes Info: Resetting catcode of " on input line 6.
Package csquotes Info: Deallocating character " on input line 6.

(C:\Users\anura\AppData\Local\Programs\MiKTeX\tex/latex/base\cp1252.def
File: cp1252.def 2021/02/14 v1.3d Input encoding file
)
Package epstopdf Info: Source file: <rk2TrajectoryTEX.eps>
(epstopdf)                    date: 2021-11-10 17:14:20
(epstopdf)                    size: 44288 bytes
(epstopdf)             Output file: <rk2TrajectoryTEX-eps-converted-to.pdf>
(epstopdf)             Command: <miktex-epstopdf --outfile=rk2TrajectoryTEX-eps
-converted-to.pdf rk2TrajectoryTEX.eps>
(epstopdf)             \includegraphics on input line 122.
runsystem(miktex-epstopdf --outfile=rk2TrajectoryTEX-eps-converted-to.pdf rk2Tr
ajectoryTEX.eps)...executed (allowed).

Package epstopdf Info: Result file: <rk2TrajectoryTEX-eps-converted-to.pdf>
(epstopdf)                    date: 2021-11-10 19:52:37
(epstopdf)                    size: 19722 bytes.


pdfTeX warning: pdflatex (file ./rk2TrajectoryTEX-eps-converted-to.pdf): PDF in
clusion: found PDF version <1.7>, but at most version <1.5> allowed
<rk2TrajectoryTEX-eps-converted-to.pdf, id=147, 433.62pt x 289.08pt>
File: rk2TrajectoryTEX-eps-converted-to.pdf Graphic file (type pdf)
<use rk2TrajectoryTEX-eps-converted-to.pdf>
Package pdftex.def Info: rk2TrajectoryTEX-eps-converted-to.pdf  used on input l
ine 122.
(pdftex.def)             Requested size: 433.63878pt x 289.09251pt.
) (rk4VariationTEX.tex
Package csquotes Info: Input encoding change on input line 6.
Package csquotes Info: Resetting catcode of " on input line 6.
Package csquotes Info: Deallocating character " on input line 6.

(C:\Users\anura\AppData\Local\Programs\MiKTeX\tex/latex/base\cp1252.def
File: cp1252.def 2021/02/14 v1.3d Input encoding file
)
Package epstopdf Info: Source file: <rk4VariationTEX.eps>
(epstopdf)                    date: 2021-11-10 17:14:21
(epstopdf)                    size: 22037 bytes
(epstopdf)             Output file: <rk4VariationTEX-eps-converted-to.pdf>
(epstopdf)             Command: <miktex-epstopdf --outfile=rk4VariationTEX-eps-
converted-to.pdf rk4VariationTEX.eps>
(epstopdf)             \includegraphics on input line 110.
runsystem(miktex-epstopdf --outfile=rk4VariationTEX-eps-converted-to.pdf rk4Var
iationTEX.eps)...executed (allowed).

Package epstopdf Info: Result file: <rk4VariationTEX-eps-converted-to.pdf>
(epstopdf)                    date: 2021-11-10 19:52:38
(epstopdf)                    size: 7359 bytes.


pdfTeX warning: pdflatex (file ./rk4VariationTEX-eps-converted-to.pdf): PDF inc
lusion: found PDF version <1.7>, but at most version <1.5> allowed
<rk4VariationTEX-eps-converted-to.pdf, id=148, 433.62pt x 289.08pt>
File: rk4VariationTEX-eps-converted-to.pdf Graphic file (type pdf)
<use rk4VariationTEX-eps-converted-to.pdf>
Package pdftex.def Info: rk4VariationTEX-eps-converted-to.pdf  used on input li
ne 110.
(pdftex.def)             Requested size: 433.63878pt x 289.09251pt.
) (rk4TrajectoryTEX.tex
Package csquotes Info: Input encoding change on input line 6.
Package csquotes Info: Resetting catcode of " on input line 6.
Package csquotes Info: Deallocating character " on input line 6.

(C:\Users\anura\AppData\Local\Programs\MiKTeX\tex/latex/base\cp1252.def
File: cp1252.def 2021/02/14 v1.3d Input encoding file
)
Package epstopdf Info: Source file: <rk4TrajectoryTEX.eps>
(epstopdf)                    date: 2021-11-10 17:14:21
(epstopdf)                    size: 44305 bytes
(epstopdf)             Output file: <rk4TrajectoryTEX-eps-converted-to.pdf>
(epstopdf)             Command: <miktex-epstopdf --outfile=rk4TrajectoryTEX-eps
-converted-to.pdf rk4TrajectoryTEX.eps>
(epstopdf)             \includegraphics on input line 122.
runsystem(miktex-epstopdf --outfile=rk4TrajectoryTEX-eps-converted-to.pdf rk4Tr
ajectoryTEX.eps)...executed (allowed).

Package epstopdf Info: Result file: <rk4TrajectoryTEX-eps-converted-to.pdf>
(epstopdf)                    date: 2021-11-10 19:52:39
(epstopdf)                    size: 19736 bytes.


pdfTeX warning: pdflatex (file ./rk4TrajectoryTEX-eps-converted-to.pdf): PDF in
clusion: found PDF version <1.7>, but at most version <1.5> allowed
<rk4TrajectoryTEX-eps-converted-to.pdf, id=149, 433.62pt x 289.08pt>
File: rk4TrajectoryTEX-eps-converted-to.pdf Graphic file (type pdf)
<use rk4TrajectoryTEX-eps-converted-to.pdf>
Package pdftex.def Info: rk4TrajectoryTEX-eps-converted-to.pdf  used on input l
ine 122.
(pdftex.def)             Requested size: 433.63878pt x 289.09251pt.
) [14 <./rk2VariationTEX-eps-converted-to.pdf> <./rk2TrajectoryTEX-eps-converte
d-to.pdf>] [15 <./rk4VariationTEX-eps-converted-to.pdf> <./rk4TrajectoryTEX-eps
-converted-to.pdf>] [16] [17] [18]
(C:\Users\anura\AppData\Local\Programs\MiKTeX\tex/latex/listings\lstlang1.sty
File: lstlang1.sty 2020/03/24 1.8d listings language file
)
Package hyperref Info: bookmark level for unknown lstlisting defaults to 0 on i
nput line 429.

[19] [20] [21]
LaTeX Font Info:    Trying to load font information for TS1+cmtt on input line 
559.

(C:\Users\anura\AppData\Local\Programs\MiKTeX\tex/latex/base\ts1cmtt.fd
File: ts1cmtt.fd 2019/12/16 v2.5j Standard LaTeX font definitions
)
[22] [23] [24] [25] [26] [27] [28]

LaTeX Warning: Citation `ref6' on page 29 undefined on input line 762.


LaTeX Warning: Citation `ref7' on page 29 undefined on input line 763.

<javelin_dgm.jpg, id=566, 963.6pt x 542.025pt>
File: javelin_dgm.jpg Graphic file (type jpg)
<use javelin_dgm.jpg>
Package pdftex.def Info: javelin_dgm.jpg  used on input line 767.
(pdftex.def)             Requested size: 471.82042pt x 265.39607pt.

LaTeX Warning: Citation `ref8' on page 29 undefined on input line 771.


LaTeX Warning: Citation `ref9' on page 29 undefined on input line 771.

[29 <./javelin_dgm.jpg>] [30] [31] (team10_report.aux)

LaTeX Warning: There were undefined references.


LaTeX Warning: Label(s) may have changed. Rerun to get cross-references right.


Package rerunfilecheck Warning: File `team10_report.out' has changed.
(rerunfilecheck)                Rerun to get outlines right
(rerunfilecheck)                or use package `bookmark'.

Package rerunfilecheck Info: Checksums for `team10_report.out':
(rerunfilecheck)             Before: <no file>
(rerunfilecheck)             After:  87C88812968F5B5AEC7E5EB067B2992B;3845.
 ) 
Here is how much of TeX's memory you used:
 18638 strings out of 478927
 295734 string characters out of 2852535
 1220580 words of memory out of 3000000
 35681 multiletter control sequences out of 15000+600000
 424377 words of font info for 104 fonts, out of 8000000 for 9000
 1141 hyphenation exceptions out of 8191
 70i,13n,81p,1400b,2128s stack positions out of 5000i,500n,10000p,200000b,80000s
 <C:\Users\anura\AppData\Local\MiKTeX\fonts/pk/ljfour/jknappen/ec/dpi600\tcrm
1440.pk> <C:\Users\anura\AppData\Local\MiKTeX\fonts/pk/ljfour/jknappen/ec/dpi60
0\tctt1000.pk> <C:\Users\anura\AppData\Local\MiKTeX\fonts/pk/ljfour/jknappen/ec
/dpi600\tcrm1095.pk><C:/Users/anura/AppData/Local/Programs/MiKTeX/fonts/type1/p
ublic/amsfonts/cm/cmbx10.pfb><C:/Users/anura/AppData/Local/Programs/MiKTeX/font
s/type1/public/amsfonts/cm/cmbx12.pfb><C:/Users/anura/AppData/Local/Programs/Mi
KTeX/fonts/type1/public/amsfonts/cm/cmcsc10.pfb><C:/Users/anura/AppData/Local/P
rograms/MiKTeX/fonts/type1/public/amsfonts/cm/cmex10.pfb><C:/Users/anura/AppDat
a/Local/Programs/MiKTeX/fonts/type1/public/amsfonts/cm/cmmi10.pfb><C:/Users/anu
ra/AppData/Local/Programs/MiKTeX/fonts/type1/public/amsfonts/cm/cmmi12.pfb><C:/
Users/anura/AppData/Local/Programs/MiKTeX/fonts/type1/public/amsfonts/cm/cmmi6.
pfb><C:/Users/anura/AppData/Local/Programs/MiKTeX/fonts/type1/public/amsfonts/c
m/cmmi8.pfb><C:/Users/anura/AppData/Local/Programs/MiKTeX/fonts/type1/public/am
sfonts/cm/cmr10.pfb><C:/Users/anura/AppData/Local/Programs/MiKTeX/fonts/type1/p
ublic/amsfonts/cm/cmr12.pfb><C:/Users/anura/AppData/Local/Programs/MiKTeX/fonts
/type1/public/amsfonts/cm/cmr6.pfb><C:/Users/anura/AppData/Local/Programs/MiKTe
X/fonts/type1/public/amsfonts/cm/cmr8.pfb><C:/Users/anura/AppData/Local/Program
s/MiKTeX/fonts/type1/public/amsfonts/cm/cmsy10.pfb><C:/Users/anura/AppData/Loca
l/Programs/MiKTeX/fonts/type1/public/amsfonts/cm/cmsy8.pfb><C:/Users/anura/AppD
ata/Local/Programs/MiKTeX/fonts/type1/public/amsfonts/cm/cmti10.pfb><C:/Users/a
nura/AppData/Local/Programs/MiKTeX/fonts/type1/public/amsfonts/cm/cmti12.pfb><C
:/Users/anura/AppData/Local/Programs/MiKTeX/fonts/type1/public/amsfonts/cm/cmtt
10.pfb><C:/Users/anura/AppData/Local/Programs/MiKTeX/fonts/type1/public/amsfont
s/cm/cmtt12.pfb>
Output written on team10_report.pdf (34 pages, 582916 bytes).
PDF statistics:
 758 PDF objects out of 1000 (max. 8388607)
 414 named destinations out of 1000 (max. 500000)
 46 words of extra memory for PDF output out of 10000 (max. 10000000)

